<?xml version="1.0" encoding="UTF-8"?>
<!-- Generated by org.testng.reporters.JUnitReportReporter -->
<testsuite skipped="0" hostname="auhumanpc" name="com.salesfoce.qa.testcase.ForgotPAssword" tests="1" failures="0" timestamp="11 Feb 2020 19:28:43 GMT" time="17.212" errors="0">
  <testcase name="ForgotPassword4A" time="17.212" classname="com.salesfoce.qa.testcase.ForgotPAssword"/>
</testsuite> <!-- com.salesfoce.qa.testcase.ForgotPAssword -->
