<?xml version="1.0" encoding="UTF-8"?>
<!-- Generated by org.testng.reporters.JUnitReportReporter -->
<testsuite skipped="0" hostname="auhumanpc" name="com.salesforce.qa.testdata.LoginTest" tests="1" failures="0" timestamp="11 Feb 2020 08:50:48 GMT" time="19.016" errors="0">
  <testcase name="NavigatetoSFDC" time="19.016" classname="com.salesforce.qa.testdata.LoginTest"/>
</testsuite> <!-- com.salesforce.qa.testdata.LoginTest -->
