<?xml version="1.0" encoding="UTF-8"?>
<!-- Generated by org.testng.reporters.JUnitReportReporter -->
<testsuite skipped="0" hostname="auhumanpc" name="com.salesfoce.qa.testcase.MainPageTest" tests="1" failures="0" timestamp="11 Feb 2020 19:28:43 GMT" time="32.701" errors="0">
  <testcase name="dropDown" time="32.701" classname="com.salesfoce.qa.testcase.MainPageTest"/>
</testsuite> <!-- com.salesfoce.qa.testcase.MainPageTest -->
