<?xml version="1.0" encoding="UTF-8"?>
<!-- Generated by org.testng.reporters.JUnitReportReporter -->
<testsuite skipped="3" hostname="auhumanpc" name="com.salesfoce.qa.testcase.LoginTest" tests="4" failures="0" timestamp="11 Feb 2020 19:28:43 GMT" time="23.974" errors="0">
  <testcase name="NavigatetoSFDC" time="23.974" classname="com.salesfoce.qa.testcase.LoginTest"/>
  <testcase name="LogintoSFDCC" classname="com.salesfoce.qa.testcase.LoginTest">
    <skipped/>
  </testcase> <!-- LogintoSFDCC -->
  <testcase name="ForgotPassword4B" classname="com.salesfoce.qa.testcase.LoginTest">
    <skipped/>
  </testcase> <!-- ForgotPassword4B -->
  <testcase name="CheckRemeberMe3" classname="com.salesfoce.qa.testcase.LoginTest">
    <skipped/>
  </testcase> <!-- CheckRemeberMe3 -->
</testsuite> <!-- com.salesfoce.qa.testcase.LoginTest -->
